[debug] [2022-04-17T10:04:00.724Z] ----------------------------------------------------------------------
[debug] [2022-04-17T10:04:00.726Z] Command:       C:\Program Files\nodejs\node.exe C:\Users\USER\AppData\Roaming\npm\node_modules\firebase-tools\lib\bin\firebase.js init
[debug] [2022-04-17T10:04:00.727Z] CLI Version:   10.6.0
[debug] [2022-04-17T10:04:00.727Z] Platform:      win32
[debug] [2022-04-17T10:04:00.727Z] Node Version:  v16.13.1
[debug] [2022-04-17T10:04:00.728Z] Time:          Sun Apr 17 2022 16:04:00 GMT+0600 (Bangladesh Standard Time)
[debug] [2022-04-17T10:04:00.728Z] ----------------------------------------------------------------------
[debug] 
[debug] [2022-04-17T10:04:00.736Z] > command requires scopes: ["email","openid","https://www.googleapis.com/auth/cloudplatformprojects.readonly","https://www.googleapis.com/auth/firebase","https://www.googleapis.com/auth/cloud-platform"]
[debug] [2022-04-17T10:04:00.737Z] > authorizing via signed-in user (kabboahsanulhasan@gmail.com)
[info] 
     ######## #### ########  ######## ########     ###     ######  ########
     ##        ##  ##     ## ##       ##     ##  ##   ##  ##       ##
     ######    ##  ########  ######   ########  #########  ######  ######
     ##        ##  ##    ##  ##       ##     ## ##     ##       ## ##
     ##       #### ##     ## ######## ########  ##     ##  ######  ########

You're about to initialize a Firebase project in this directory:

  C:\projects\tutor-sheba

Before we get started, keep in mind:

  * You are currently outside your home directory

[debug] [2022-04-17T10:05:03.122Z] ----------------------------------------------------------------------
[debug] [2022-04-17T10:05:03.124Z] Command:       C:\Program Files\nodejs\node.exe C:\Users\USER\AppData\Roaming\npm\node_modules\firebase-tools\lib\bin\firebase.js init
[debug] [2022-04-17T10:05:03.125Z] CLI Version:   10.6.0
[debug] [2022-04-17T10:05:03.125Z] Platform:      win32
[debug] [2022-04-17T10:05:03.125Z] Node Version:  v16.13.1
[debug] [2022-04-17T10:05:03.126Z] Time:          Sun Apr 17 2022 16:05:03 GMT+0600 (Bangladesh Standard Time)
[debug] [2022-04-17T10:05:03.126Z] ----------------------------------------------------------------------
[debug] 
[debug] [2022-04-17T10:05:03.134Z] > command requires scopes: ["email","openid","https://www.googleapis.com/auth/cloudplatformprojects.readonly","https://www.googleapis.com/auth/firebase","https://www.googleapis.com/auth/cloud-platform"]
[debug] [2022-04-17T10:05:03.135Z] > authorizing via signed-in user (kabboahsanulhasan@gmail.com)
[info] 
     ######## #### ########  ######## ########     ###     ######  ########
     ##        ##  ##     ## ##       ##     ##  ##   ##  ##       ##
     ######    ##  ########  ######   ########  #########  ######  ######
     ##        ##  ##    ##  ##       ##     ## ##     ##       ## ##
     ##       #### ##     ## ######## ########  ##     ##  ######  ########

You're about to initialize a Firebase project in this directory:

  C:\projects\tutor-sheba

Before we get started, keep in mind:

  * You are currently outside your home directory

[info] 
=== Project Setup
[info] 
[info] First, let's associate this project directory with a Firebase project.
[info] You can create multiple project aliases by running firebase use --add, 
[info] but for now we'll just set up a default project.
[info] 
[debug] [2022-04-17T10:05:29.878Z] >>> [apiv2][query] GET https://firebase.googleapis.com/v1beta1/projects pageSize=100
[debug] [2022-04-17T10:05:32.793Z] <<< [apiv2][status] GET https://firebase.googleapis.com/v1beta1/projects 200
[debug] [2022-04-17T10:05:32.794Z] <<< [apiv2][body] GET https://firebase.googleapis.com/v1beta1/projects [omitted]
